<?xml version="1.0" encoding="UTF-8"?>
<!-- Generated by org.testng.reporters.JUnitReportReporter -->
<testsuite hostname="DESKTOP-ARPIVNN" name="Com.Test.Nirali.Scenario2_UpdatePersonalInformationInMyAccount" tests="1" failures="0" timestamp="18 Apr 2021 00:55:56 GMT" time="18.659" errors="0">
  <testcase name="UpdatePersonalInformationInMyAccount" time="18.659" classname="Com.Test.Nirali.Scenario2_UpdatePersonalInformationInMyAccount"/>
</testsuite> <!-- Com.Test.Nirali.Scenario2_UpdatePersonalInformationInMyAccount -->
