<?xml version="1.0" encoding="UTF-8"?>
<!-- Generated by org.testng.reporters.JUnitReportReporter -->
<testsuite hostname="DESKTOP-ARPIVNN" name="Com.Test.Nirali.Scenario1_OrderTshirt" tests="1" failures="0" timestamp="18 Apr 2021 00:55:56 GMT" time="19.070" errors="0">
  <testcase name="orderTshirt" time="19.070" classname="Com.Test.Nirali.Scenario1_OrderTshirt"/>
</testsuite> <!-- Com.Test.Nirali.Scenario1_OrderTshirt -->
